<?xml version="1.0" encoding="UTF-8"?>
<!-- Generated by org.testng.reporters.JUnitXMLReporter -->
<testsuite ignored="0" hostname="pravinp" failures="0" tests="3" name="Default test" time="34.6" errors="0" timestamp="2022-11-10T20:42:58 IST">
  <testcase classname="com.spryhealth.assignment.testcases.IndianRailwayAutomation" name="scheduleTrainTest" time="4.189"/>
  <testcase classname="com.spryhealth.assignment.testcases.IndianRailwayAutomation" name="verifyValidFaretest" time="8.724"/>
  <testcase classname="com.spryhealth.assignment.testcases.IndianRailwayAutomation" name="validatePNRTest" time="11.241"/>
</testsuite> <!-- Default test -->
