<?xml version="1.0" encoding="UTF-8"?>
<testng-results ignored="0" total="3" passed="3" failed="0" skipped="0">
  <reporter-output>
  </reporter-output>
  <suite started-at="2022-11-10T20:42:24 IST" name="Default suite" finished-at="2022-11-10T20:42:58 IST" duration-ms="34600">
    <groups>
    </groups>
    <test started-at="2022-11-10T20:42:24 IST" name="Default test" finished-at="2022-11-10T20:42:58 IST" duration-ms="34600">
      <class name="com.spryhealth.assignment.testcases.IndianRailwayAutomation">
        <test-method is-config="true" signature="setup()[pri:0, instance:com.spryhealth.assignment.testcases.IndianRailwayAutomation@293a5bf6]" started-at="2022-11-10T20:42:24 IST" name="setup" finished-at="2022-11-10T20:42:30 IST" duration-ms="5833" status="PASS">
          <reporter-output>
          </reporter-output>
        </test-method> <!-- setup -->
        <test-method signature="scheduleTrainTest()[pri:0, instance:com.spryhealth.assignment.testcases.IndianRailwayAutomation@293a5bf6]" started-at="2022-11-10T20:42:30 IST" name="scheduleTrainTest" finished-at="2022-11-10T20:42:34 IST" duration-ms="4189" status="PASS">
          <reporter-output>
          </reporter-output>
        </test-method> <!-- scheduleTrainTest -->
        <test-method is-config="true" signature="tearDown()[pri:0, instance:com.spryhealth.assignment.testcases.IndianRailwayAutomation@293a5bf6]" started-at="2022-11-10T20:42:34 IST" name="tearDown" finished-at="2022-11-10T20:42:34 IST" duration-ms="606" status="PASS">
          <reporter-output>
          </reporter-output>
        </test-method> <!-- tearDown -->
        <test-method is-config="true" signature="setup()[pri:0, instance:com.spryhealth.assignment.testcases.IndianRailwayAutomation@293a5bf6]" started-at="2022-11-10T20:42:34 IST" name="setup" finished-at="2022-11-10T20:42:36 IST" duration-ms="1597" status="PASS">
          <reporter-output>
          </reporter-output>
        </test-method> <!-- setup -->
        <test-method signature="verifyValidFaretest()[pri:0, instance:com.spryhealth.assignment.testcases.IndianRailwayAutomation@293a5bf6]" started-at="2022-11-10T20:42:36 IST" name="verifyValidFaretest" finished-at="2022-11-10T20:42:45 IST" duration-ms="8724" status="PASS">
          <reporter-output>
          </reporter-output>
        </test-method> <!-- verifyValidFaretest -->
        <test-method is-config="true" signature="tearDown()[pri:0, instance:com.spryhealth.assignment.testcases.IndianRailwayAutomation@293a5bf6]" started-at="2022-11-10T20:42:45 IST" name="tearDown" finished-at="2022-11-10T20:42:45 IST" duration-ms="434" status="PASS">
          <reporter-output>
          </reporter-output>
        </test-method> <!-- tearDown -->
        <test-method is-config="true" signature="setup()[pri:0, instance:com.spryhealth.assignment.testcases.IndianRailwayAutomation@293a5bf6]" started-at="2022-11-10T20:42:45 IST" name="setup" finished-at="2022-11-10T20:42:47 IST" duration-ms="1593" status="PASS">
          <reporter-output>
          </reporter-output>
        </test-method> <!-- setup -->
        <test-method signature="validatePNRTest()[pri:1, instance:com.spryhealth.assignment.testcases.IndianRailwayAutomation@293a5bf6]" started-at="2022-11-10T20:42:47 IST" name="validatePNRTest" finished-at="2022-11-10T20:42:58 IST" duration-ms="11241" status="PASS">
          <reporter-output>
          </reporter-output>
        </test-method> <!-- validatePNRTest -->
        <test-method is-config="true" signature="tearDown()[pri:0, instance:com.spryhealth.assignment.testcases.IndianRailwayAutomation@293a5bf6]" started-at="2022-11-10T20:42:58 IST" name="tearDown" finished-at="2022-11-10T20:42:58 IST" duration-ms="242" status="PASS">
          <reporter-output>
          </reporter-output>
        </test-method> <!-- tearDown -->
      </class> <!-- com.spryhealth.assignment.testcases.IndianRailwayAutomation -->
    </test> <!-- Default test -->
  </suite> <!-- Default suite -->
</testng-results>
