<?xml version="1.0" encoding="UTF-8"?>
<testng-results ignored="0" total="3" passed="2" failed="1" skipped="0">
  <reporter-output>
  </reporter-output>
  <suite started-at="2022-11-14T21:56:38 IST" name="Default suite" finished-at="2022-11-14T21:57:09 IST" duration-ms="31591">
    <groups>
    </groups>
    <test started-at="2022-11-14T21:56:38 IST" name="Default test" finished-at="2022-11-14T21:57:09 IST" duration-ms="31591">
      <class name="com.spryhealth.assignment.testcases.IndianRailwayAutomation">
        <test-method is-config="true" signature="setup()[pri:0, instance:com.spryhealth.assignment.testcases.IndianRailwayAutomation@6aeb35e6]" started-at="2022-11-14T21:56:38 IST" name="setup" finished-at="2022-11-14T21:56:46 IST" duration-ms="8021" status="PASS">
          <reporter-output>
          </reporter-output>
        </test-method> <!-- setup -->
        <test-method signature="scheduleTrainTest()[pri:0, instance:com.spryhealth.assignment.testcases.IndianRailwayAutomation@6aeb35e6]" started-at="2022-11-14T21:56:46 IST" name="scheduleTrainTest" finished-at="2022-11-14T21:56:50 IST" duration-ms="4241" status="PASS">
          <reporter-output>
          </reporter-output>
        </test-method> <!-- scheduleTrainTest -->
        <test-method is-config="true" signature="tearDown()[pri:0, instance:com.spryhealth.assignment.testcases.IndianRailwayAutomation@6aeb35e6]" started-at="2022-11-14T21:56:50 IST" name="tearDown" finished-at="2022-11-14T21:56:50 IST" duration-ms="403" status="PASS">
          <reporter-output>
          </reporter-output>
        </test-method> <!-- tearDown -->
        <test-method is-config="true" signature="setup()[pri:0, instance:com.spryhealth.assignment.testcases.IndianRailwayAutomation@6aeb35e6]" started-at="2022-11-14T21:56:50 IST" name="setup" finished-at="2022-11-14T21:56:52 IST" duration-ms="1842" status="PASS">
          <reporter-output>
          </reporter-output>
        </test-method> <!-- setup -->
        <test-method signature="verifyValidFaretest()[pri:0, instance:com.spryhealth.assignment.testcases.IndianRailwayAutomation@6aeb35e6]" started-at="2022-11-14T21:56:52 IST" name="verifyValidFaretest" finished-at="2022-11-14T21:57:02 IST" duration-ms="9780" status="PASS">
          <reporter-output>
          </reporter-output>
        </test-method> <!-- verifyValidFaretest -->
        <test-method is-config="true" signature="tearDown()[pri:0, instance:com.spryhealth.assignment.testcases.IndianRailwayAutomation@6aeb35e6]" started-at="2022-11-14T21:57:02 IST" name="tearDown" finished-at="2022-11-14T21:57:02 IST" duration-ms="202" status="PASS">
          <reporter-output>
          </reporter-output>
        </test-method> <!-- tearDown -->
        <test-method is-config="true" signature="setup()[pri:0, instance:com.spryhealth.assignment.testcases.IndianRailwayAutomation@6aeb35e6]" started-at="2022-11-14T21:57:02 IST" name="setup" finished-at="2022-11-14T21:57:04 IST" duration-ms="1620" status="PASS">
          <reporter-output>
          </reporter-output>
        </test-method> <!-- setup -->
        <test-method signature="validatePNRTest()[pri:1, instance:com.spryhealth.assignment.testcases.IndianRailwayAutomation@6aeb35e6]" started-at="2022-11-14T21:57:04 IST" name="validatePNRTest" finished-at="2022-11-14T21:57:09 IST" duration-ms="5109" status="FAIL">
          <exception class="org.openqa.selenium.ElementClickInterceptedException">
            <message>
              <![CDATA[element click intercepted: Element <input type="button" style="margin-top: 10px; cursor: auto" class="btn btn-primary btn-md" value="Submit" id="modal1"> is not clickable at point (987, 502). Other element would receive the click: <img id="messageDialog" decoding="async" src="https://dishav3.ap-south-1.linodeobjects.com/Thumbsup.gif" style="width: 238px; max-width: 100%; overflow: hidden; backface-visibility: hidden; transition: all 0.3s ease 0s; cursor: pointer; z-index: 9; position: static; border-top-left-radius: 18px; border-top-right-radius: 18px; border-bottom-left-radius: 18px; display: block; border-bottom-right-radius: 0px !important;">
  (Session info: chrome=107.0.5304.107)
Build info: version: '4.4.0', revision: 'e5c75ed026a'
System info: host: 'PRAVINP', ip: '192.168.1.7', os.name: 'Windows 10', os.arch: 'amd64', os.version: '10.0', java.version: '17.0.4.1'
Driver info: org.openqa.selenium.chrome.ChromeDriver
Command: [b6d6a8c7f08cd2efb3da09d14ee83fde, clickElement {id=9c99ddc2-9b7c-4c4e-ad8c-8160b3842122}]
Capabilities {acceptInsecureCerts: false, browserName: chrome, browserVersion: 107.0.5304.107, chrome: {chromedriverVersion: 107.0.5304.62 (1eec40d3a576..., userDataDir: C:\Users\DELL\AppData\Local...}, goog:chromeOptions: {debuggerAddress: localhost:50516}, networkConnectionEnabled: false, pageLoadStrategy: normal, platformName: WINDOWS, proxy: Proxy(), se:cdp: ws://localhost:50516/devtoo..., se:cdpVersion: 107.0.5304.107, setWindowRect: true, strictFileInteractability: false, timeouts: {implicit: 0, pageLoad: 300000, script: 30000}, unhandledPromptBehavior: dismiss and notify, webauthn:extension:credBlob: true, webauthn:extension:largeBlob: true, webauthn:virtualAuthenticators: true}
Element: [[ChromeDriver: chrome on WINDOWS (b6d6a8c7f08cd2efb3da09d14ee83fde)] -> id: modal1]
Session ID: b6d6a8c7f08cd2efb3da09d14ee83fde]]>
            </message>
            <full-stacktrace>
              <![CDATA[org.openqa.selenium.ElementClickInterceptedException: element click intercepted: Element <input type="button" style="margin-top: 10px; cursor: auto" class="btn btn-primary btn-md" value="Submit" id="modal1"> is not clickable at point (987, 502). Other element would receive the click: <img id="messageDialog" decoding="async" src="https://dishav3.ap-south-1.linodeobjects.com/Thumbsup.gif" style="width: 238px; max-width: 100%; overflow: hidden; backface-visibility: hidden; transition: all 0.3s ease 0s; cursor: pointer; z-index: 9; position: static; border-top-left-radius: 18px; border-top-right-radius: 18px; border-bottom-left-radius: 18px; display: block; border-bottom-right-radius: 0px !important;">
  (Session info: chrome=107.0.5304.107)
Build info: version: '4.4.0', revision: 'e5c75ed026a'
System info: host: 'PRAVINP', ip: '192.168.1.7', os.name: 'Windows 10', os.arch: 'amd64', os.version: '10.0', java.version: '17.0.4.1'
Driver info: org.openqa.selenium.chrome.ChromeDriver
Command: [b6d6a8c7f08cd2efb3da09d14ee83fde, clickElement {id=9c99ddc2-9b7c-4c4e-ad8c-8160b3842122}]
Capabilities {acceptInsecureCerts: false, browserName: chrome, browserVersion: 107.0.5304.107, chrome: {chromedriverVersion: 107.0.5304.62 (1eec40d3a576..., userDataDir: C:\Users\DELL\AppData\Local...}, goog:chromeOptions: {debuggerAddress: localhost:50516}, networkConnectionEnabled: false, pageLoadStrategy: normal, platformName: WINDOWS, proxy: Proxy(), se:cdp: ws://localhost:50516/devtoo..., se:cdpVersion: 107.0.5304.107, setWindowRect: true, strictFileInteractability: false, timeouts: {implicit: 0, pageLoad: 300000, script: 30000}, unhandledPromptBehavior: dismiss and notify, webauthn:extension:credBlob: true, webauthn:extension:largeBlob: true, webauthn:virtualAuthenticators: true}
Element: [[ChromeDriver: chrome on WINDOWS (b6d6a8c7f08cd2efb3da09d14ee83fde)] -> id: modal1]
Session ID: b6d6a8c7f08cd2efb3da09d14ee83fde
at java.base/jdk.internal.reflect.NativeConstructorAccessorImpl.newInstance0(Native Method)
at java.base/jdk.internal.reflect.NativeConstructorAccessorImpl.newInstance(NativeConstructorAccessorImpl.java:77)
at java.base/jdk.internal.reflect.DelegatingConstructorAccessorImpl.newInstance(DelegatingConstructorAccessorImpl.java:45)
at java.base/java.lang.reflect.Constructor.newInstanceWithCaller(Constructor.java:499)
at java.base/java.lang.reflect.Constructor.newInstance(Constructor.java:480)
at org.openqa.selenium.remote.codec.w3c.W3CHttpResponseCodec.createException(W3CHttpResponseCodec.java:200)
at org.openqa.selenium.remote.codec.w3c.W3CHttpResponseCodec.decode(W3CHttpResponseCodec.java:133)
at org.openqa.selenium.remote.codec.w3c.W3CHttpResponseCodec.decode(W3CHttpResponseCodec.java:53)
at org.openqa.selenium.remote.HttpCommandExecutor.execute(HttpCommandExecutor.java:184)
at org.openqa.selenium.remote.service.DriverCommandExecutor.invokeExecute(DriverCommandExecutor.java:167)
at org.openqa.selenium.remote.service.DriverCommandExecutor.execute(DriverCommandExecutor.java:142)
at org.openqa.selenium.remote.RemoteWebDriver.execute(RemoteWebDriver.java:547)
at org.openqa.selenium.remote.RemoteWebElement.execute(RemoteWebElement.java:257)
at org.openqa.selenium.remote.RemoteWebElement.click(RemoteWebElement.java:78)
at com.spryhealth.assignment.testcases.IndianRailwayAutomation.validatePNRTest(IndianRailwayAutomation.java:43)
at java.base/jdk.internal.reflect.NativeMethodAccessorImpl.invoke0(Native Method)
at java.base/jdk.internal.reflect.NativeMethodAccessorImpl.invoke(NativeMethodAccessorImpl.java:77)
at java.base/jdk.internal.reflect.DelegatingMethodAccessorImpl.invoke(DelegatingMethodAccessorImpl.java:43)
at java.base/java.lang.reflect.Method.invoke(Method.java:568)
at org.testng.internal.invokers.MethodInvocationHelper.invokeMethod(MethodInvocationHelper.java:139)
at org.testng.internal.invokers.TestInvoker.invokeMethod(TestInvoker.java:677)
at org.testng.internal.invokers.TestInvoker.invokeTestMethod(TestInvoker.java:221)
at org.testng.internal.invokers.MethodRunner.runInSequence(MethodRunner.java:50)
at org.testng.internal.invokers.TestInvoker$MethodInvocationAgent.invoke(TestInvoker.java:962)
at org.testng.internal.invokers.TestInvoker.invokeTestMethods(TestInvoker.java:194)
at org.testng.internal.invokers.TestMethodWorker.invokeTestMethods(TestMethodWorker.java:148)
at org.testng.internal.invokers.TestMethodWorker.run(TestMethodWorker.java:128)
at java.base/java.util.ArrayList.forEach(ArrayList.java:1511)
at org.testng.TestRunner.privateRun(TestRunner.java:806)
at org.testng.TestRunner.run(TestRunner.java:601)
at org.testng.SuiteRunner.runTest(SuiteRunner.java:433)
at org.testng.SuiteRunner.runSequentially(SuiteRunner.java:427)
at org.testng.SuiteRunner.privateRun(SuiteRunner.java:387)
at org.testng.SuiteRunner.run(SuiteRunner.java:330)
at org.testng.SuiteRunnerWorker.runSuite(SuiteRunnerWorker.java:52)
at org.testng.SuiteRunnerWorker.run(SuiteRunnerWorker.java:95)
at org.testng.TestNG.runSuitesSequentially(TestNG.java:1256)
at org.testng.TestNG.runSuitesLocally(TestNG.java:1176)
at org.testng.TestNG.runSuites(TestNG.java:1099)
at org.testng.TestNG.run(TestNG.java:1067)
at org.testng.remote.AbstractRemoteTestNG.run(AbstractRemoteTestNG.java:115)
at org.testng.remote.RemoteTestNG.initAndRun(RemoteTestNG.java:251)
at org.testng.remote.RemoteTestNG.main(RemoteTestNG.java:77)
]]>
            </full-stacktrace>
          </exception> <!-- org.openqa.selenium.ElementClickInterceptedException -->
          <reporter-output>
          </reporter-output>
        </test-method> <!-- validatePNRTest -->
        <test-method is-config="true" signature="tearDown()[pri:0, instance:com.spryhealth.assignment.testcases.IndianRailwayAutomation@6aeb35e6]" started-at="2022-11-14T21:57:09 IST" name="tearDown" finished-at="2022-11-14T21:57:09 IST" duration-ms="241" status="PASS">
          <reporter-output>
          </reporter-output>
        </test-method> <!-- tearDown -->
      </class> <!-- com.spryhealth.assignment.testcases.IndianRailwayAutomation -->
    </test> <!-- Default test -->
  </suite> <!-- Default suite -->
</testng-results>
